[debug] [2026-03-07T19:49:41.407Z] ----------------------------------------------------------------------
[debug] [2026-03-07T19:49:41.408Z] Command:       /opt/homebrew/Cellar/node@22/22.16.0/bin/node /opt/homebrew/bin/firebase deploy --only firestore:rules,functions
[debug] [2026-03-07T19:49:41.409Z] CLI Version:   14.5.1
[debug] [2026-03-07T19:49:41.409Z] Platform:      darwin
[debug] [2026-03-07T19:49:41.409Z] Node Version:  v22.16.0
[debug] [2026-03-07T19:49:41.409Z] Time:          Sat Mar 07 2026 19:49:41 GMT+0000 (Greenwich Mean Time)
[debug] [2026-03-07T19:49:41.409Z] ----------------------------------------------------------------------
[debug] 
[debug] [2026-03-07T19:49:41.475Z] > command requires scopes: ["email","openid","https://www.googleapis.com/auth/cloudplatformprojects.readonly","https://www.googleapis.com/auth/firebase","https://www.googleapis.com/auth/cloud-platform"]
[debug] [2026-03-07T19:49:41.475Z] > authorizing via signed-in user (tariqzain678@gmail.com)
[debug] [2026-03-07T19:49:41.475Z] [iam] checking project spillll for permissions ["cloudfunctions.functions.create","cloudfunctions.functions.delete","cloudfunctions.functions.get","cloudfunctions.functions.list","cloudfunctions.functions.update","cloudfunctions.operations.get","datastore.indexes.create","datastore.indexes.delete","datastore.indexes.list","datastore.indexes.update","firebase.projects.get"]
[debug] [2026-03-07T19:49:41.476Z] Checked if tokens are valid: false, expires at: 1772833484947
[debug] [2026-03-07T19:49:41.476Z] Checked if tokens are valid: false, expires at: 1772833484947
[debug] [2026-03-07T19:49:41.476Z] > refreshing access token with scopes: []
[debug] [2026-03-07T19:49:41.477Z] >>> [apiv2][query] POST https://www.googleapis.com/oauth2/v3/token [none]
[debug] [2026-03-07T19:49:41.477Z] >>> [apiv2][body] POST https://www.googleapis.com/oauth2/v3/token [omitted]
[debug] [2026-03-07T19:49:41.606Z] <<< [apiv2][status] POST https://www.googleapis.com/oauth2/v3/token 200
[debug] [2026-03-07T19:49:41.606Z] <<< [apiv2][body] POST https://www.googleapis.com/oauth2/v3/token [omitted]
[debug] [2026-03-07T19:49:41.619Z] >>> [apiv2][query] POST https://cloudresourcemanager.googleapis.com/v1/projects/spillll:testIamPermissions [none]
[debug] [2026-03-07T19:49:41.619Z] >>> [apiv2][(partial)header] POST https://cloudresourcemanager.googleapis.com/v1/projects/spillll:testIamPermissions x-goog-quota-user=projects/spillll
[debug] [2026-03-07T19:49:41.619Z] >>> [apiv2][body] POST https://cloudresourcemanager.googleapis.com/v1/projects/spillll:testIamPermissions {"permissions":["cloudfunctions.functions.create","cloudfunctions.functions.delete","cloudfunctions.functions.get","cloudfunctions.functions.list","cloudfunctions.functions.update","cloudfunctions.operations.get","datastore.indexes.create","datastore.indexes.delete","datastore.indexes.list","datastore.indexes.update","firebase.projects.get"]}
[debug] [2026-03-07T19:49:42.398Z] <<< [apiv2][status] POST https://cloudresourcemanager.googleapis.com/v1/projects/spillll:testIamPermissions 200
[debug] [2026-03-07T19:49:42.399Z] <<< [apiv2][body] POST https://cloudresourcemanager.googleapis.com/v1/projects/spillll:testIamPermissions {"permissions":["cloudfunctions.functions.create","cloudfunctions.functions.delete","cloudfunctions.functions.get","cloudfunctions.functions.list","cloudfunctions.functions.update","cloudfunctions.operations.get","datastore.indexes.create","datastore.indexes.delete","datastore.indexes.list","datastore.indexes.update","firebase.projects.get"]}
[debug] [2026-03-07T19:49:42.399Z] Checked if tokens are valid: true, expires at: 1772916580606
[debug] [2026-03-07T19:49:42.399Z] Checked if tokens are valid: true, expires at: 1772916580606
[debug] [2026-03-07T19:49:42.399Z] >>> [apiv2][query] POST https://iam.googleapis.com/v1/projects/spillll/serviceAccounts/spillll@appspot.gserviceaccount.com:testIamPermissions [none]
[debug] [2026-03-07T19:49:42.399Z] >>> [apiv2][body] POST https://iam.googleapis.com/v1/projects/spillll/serviceAccounts/spillll@appspot.gserviceaccount.com:testIamPermissions {"permissions":["iam.serviceAccounts.actAs"]}
[debug] [2026-03-07T19:49:42.626Z] <<< [apiv2][status] POST https://iam.googleapis.com/v1/projects/spillll/serviceAccounts/spillll@appspot.gserviceaccount.com:testIamPermissions 200
[debug] [2026-03-07T19:49:42.626Z] <<< [apiv2][body] POST https://iam.googleapis.com/v1/projects/spillll/serviceAccounts/spillll@appspot.gserviceaccount.com:testIamPermissions {"permissions":["iam.serviceAccounts.actAs"]}
[info] 
[info] === Deploying to 'spillll'...
[info] 
[info] i  deploying firestore, functions 
[info] ✔  functions: Finished running predeploy script. 
[info] i  firestore: reading indexes from firestore.indexes.json... 
[info] i  cloud.firestore: checking firestore.rules for compilation errors... 
[debug] [2026-03-07T19:49:42.632Z] Checked if tokens are valid: true, expires at: 1772916580606
[debug] [2026-03-07T19:49:42.632Z] Checked if tokens are valid: true, expires at: 1772916580606
[debug] [2026-03-07T19:49:42.632Z] >>> [apiv2][query] POST https://firebaserules.googleapis.com/v1/projects/spillll:test [none]
[debug] [2026-03-07T19:49:42.632Z] >>> [apiv2][body] POST https://firebaserules.googleapis.com/v1/projects/spillll:test [omitted]
[debug] [2026-03-07T19:49:43.434Z] <<< [apiv2][status] POST https://firebaserules.googleapis.com/v1/projects/spillll:test 200
[debug] [2026-03-07T19:49:43.434Z] <<< [apiv2][body] POST https://firebaserules.googleapis.com/v1/projects/spillll:test {}
[info] ✔  cloud.firestore: rules file firestore.rules compiled successfully 
[debug] [2026-03-07T19:49:43.435Z] Checked if tokens are valid: true, expires at: 1772916580606
[debug] [2026-03-07T19:49:43.435Z] Checked if tokens are valid: true, expires at: 1772916580606
[debug] [2026-03-07T19:49:43.435Z] >>> [apiv2][query] GET https://serviceusage.googleapis.com/v1/projects/spillll/services/cloudresourcemanager.googleapis.com [none]
[debug] [2026-03-07T19:49:43.436Z] >>> [apiv2][(partial)header] GET https://serviceusage.googleapis.com/v1/projects/spillll/services/cloudresourcemanager.googleapis.com x-goog-quota-user=projects/spillll
[debug] [2026-03-07T19:49:43.840Z] <<< [apiv2][status] GET https://serviceusage.googleapis.com/v1/projects/spillll/services/cloudresourcemanager.googleapis.com 200
[debug] [2026-03-07T19:49:43.841Z] <<< [apiv2][body] GET https://serviceusage.googleapis.com/v1/projects/spillll/services/cloudresourcemanager.googleapis.com [omitted]
[debug] [2026-03-07T19:49:43.841Z] Checked if tokens are valid: true, expires at: 1772916580606
[debug] [2026-03-07T19:49:43.841Z] Checked if tokens are valid: true, expires at: 1772916580606
[debug] [2026-03-07T19:49:43.841Z] >>> [apiv2][query] GET https://cloudresourcemanager.googleapis.com/v1/projects/spillll [none]
[debug] [2026-03-07T19:49:44.011Z] <<< [apiv2][status] GET https://cloudresourcemanager.googleapis.com/v1/projects/spillll 200
[debug] [2026-03-07T19:49:44.011Z] <<< [apiv2][body] GET https://cloudresourcemanager.googleapis.com/v1/projects/spillll {"projectNumber":"556048303589","projectId":"spillll","lifecycleState":"ACTIVE","name":"spill","labels":{"firebase":"enabled","firebase-core":"disabled"},"createTime":"2026-02-12T10:46:01.653017Z"}
[info] i  functions: preparing codebase default for deployment 
[info] i  functions: ensuring required API cloudfunctions.googleapis.com is enabled... 
[debug] [2026-03-07T19:49:44.012Z] Checked if tokens are valid: true, expires at: 1772916580606
[debug] [2026-03-07T19:49:44.012Z] Checked if tokens are valid: true, expires at: 1772916580606
[debug] [2026-03-07T19:49:44.012Z] Checked if tokens are valid: true, expires at: 1772916580606
[debug] [2026-03-07T19:49:44.012Z] Checked if tokens are valid: true, expires at: 1772916580606
[info] i  functions: ensuring required API cloudbuild.googleapis.com is enabled... 
[debug] [2026-03-07T19:49:44.013Z] Checked if tokens are valid: true, expires at: 1772916580606
[debug] [2026-03-07T19:49:44.013Z] Checked if tokens are valid: true, expires at: 1772916580606
[info] i  artifactregistry: ensuring required API artifactregistry.googleapis.com is enabled... 
[debug] [2026-03-07T19:49:44.013Z] Checked if tokens are valid: true, expires at: 1772916580606
[debug] [2026-03-07T19:49:44.013Z] Checked if tokens are valid: true, expires at: 1772916580606
[debug] [2026-03-07T19:49:44.013Z] >>> [apiv2][query] GET https://serviceusage.googleapis.com/v1/projects/spillll/services/cloudfunctions.googleapis.com [none]
[debug] [2026-03-07T19:49:44.013Z] >>> [apiv2][(partial)header] GET https://serviceusage.googleapis.com/v1/projects/spillll/services/cloudfunctions.googleapis.com x-goog-quota-user=projects/spillll
[debug] [2026-03-07T19:49:44.014Z] >>> [apiv2][query] GET https://serviceusage.googleapis.com/v1/projects/spillll/services/runtimeconfig.googleapis.com [none]
[debug] [2026-03-07T19:49:44.014Z] >>> [apiv2][(partial)header] GET https://serviceusage.googleapis.com/v1/projects/spillll/services/runtimeconfig.googleapis.com x-goog-quota-user=projects/spillll
[debug] [2026-03-07T19:49:44.015Z] >>> [apiv2][query] GET https://serviceusage.googleapis.com/v1/projects/spillll/services/cloudbuild.googleapis.com [none]
[debug] [2026-03-07T19:49:44.015Z] >>> [apiv2][(partial)header] GET https://serviceusage.googleapis.com/v1/projects/spillll/services/cloudbuild.googleapis.com x-goog-quota-user=projects/spillll
[debug] [2026-03-07T19:49:44.019Z] >>> [apiv2][query] GET https://serviceusage.googleapis.com/v1/projects/spillll/services/artifactregistry.googleapis.com [none]
[debug] [2026-03-07T19:49:44.019Z] >>> [apiv2][(partial)header] GET https://serviceusage.googleapis.com/v1/projects/spillll/services/artifactregistry.googleapis.com x-goog-quota-user=projects/spillll
[debug] [2026-03-07T19:49:44.745Z] <<< [apiv2][status] GET https://serviceusage.googleapis.com/v1/projects/spillll/services/cloudbuild.googleapis.com 200
[debug] [2026-03-07T19:49:44.745Z] <<< [apiv2][body] GET https://serviceusage.googleapis.com/v1/projects/spillll/services/cloudbuild.googleapis.com [omitted]
[info] ✔  functions: required API cloudbuild.googleapis.com is enabled 
[debug] [2026-03-07T19:49:44.749Z] <<< [apiv2][status] GET https://serviceusage.googleapis.com/v1/projects/spillll/services/cloudfunctions.googleapis.com 200
[debug] [2026-03-07T19:49:44.750Z] <<< [apiv2][body] GET https://serviceusage.googleapis.com/v1/projects/spillll/services/cloudfunctions.googleapis.com [omitted]
[info] ✔  functions: required API cloudfunctions.googleapis.com is enabled 
[debug] [2026-03-07T19:49:44.757Z] <<< [apiv2][status] GET https://serviceusage.googleapis.com/v1/projects/spillll/services/runtimeconfig.googleapis.com 200
[debug] [2026-03-07T19:49:44.757Z] <<< [apiv2][body] GET https://serviceusage.googleapis.com/v1/projects/spillll/services/runtimeconfig.googleapis.com [omitted]
[debug] [2026-03-07T19:49:44.808Z] <<< [apiv2][status] GET https://serviceusage.googleapis.com/v1/projects/spillll/services/artifactregistry.googleapis.com 200
[debug] [2026-03-07T19:49:44.808Z] <<< [apiv2][body] GET https://serviceusage.googleapis.com/v1/projects/spillll/services/artifactregistry.googleapis.com [omitted]
[info] ✔  artifactregistry: required API artifactregistry.googleapis.com is enabled 
[debug] [2026-03-07T19:49:44.809Z] Checked if tokens are valid: true, expires at: 1772916580606
[debug] [2026-03-07T19:49:44.809Z] Checked if tokens are valid: true, expires at: 1772916580606
[debug] [2026-03-07T19:49:44.809Z] >>> [apiv2][query] GET https://firebase.googleapis.com/v1beta1/projects/spillll/adminSdkConfig [none]
[debug] [2026-03-07T19:49:45.342Z] <<< [apiv2][status] GET https://firebase.googleapis.com/v1beta1/projects/spillll/adminSdkConfig 200
[debug] [2026-03-07T19:49:45.342Z] <<< [apiv2][body] GET https://firebase.googleapis.com/v1beta1/projects/spillll/adminSdkConfig {"projectId":"spillll","storageBucket":"spillll.firebasestorage.app"}
[debug] [2026-03-07T19:49:45.342Z] Checked if tokens are valid: true, expires at: 1772916580606
[debug] [2026-03-07T19:49:45.342Z] Checked if tokens are valid: true, expires at: 1772916580606
[debug] [2026-03-07T19:49:45.342Z] >>> [apiv2][query] GET https://runtimeconfig.googleapis.com/v1beta1/projects/spillll/configs [none]
[debug] [2026-03-07T19:49:45.594Z] <<< [apiv2][status] GET https://runtimeconfig.googleapis.com/v1beta1/projects/spillll/configs 200
[debug] [2026-03-07T19:49:45.594Z] <<< [apiv2][body] GET https://runtimeconfig.googleapis.com/v1beta1/projects/spillll/configs {"configs":[{"name":"projects/spillll/configs/gmail"},{"name":"projects/spillll/configs/perspective"}]}
[debug] [2026-03-07T19:49:45.595Z] Checked if tokens are valid: true, expires at: 1772916580606
[debug] [2026-03-07T19:49:45.595Z] Checked if tokens are valid: true, expires at: 1772916580606
[debug] [2026-03-07T19:49:45.595Z] Checked if tokens are valid: true, expires at: 1772916580606
[debug] [2026-03-07T19:49:45.595Z] Checked if tokens are valid: true, expires at: 1772916580606
[debug] [2026-03-07T19:49:45.595Z] >>> [apiv2][query] GET https://runtimeconfig.googleapis.com/v1beta1/projects/spillll/configs/gmail/variables [none]
[debug] [2026-03-07T19:49:45.595Z] >>> [apiv2][query] GET https://runtimeconfig.googleapis.com/v1beta1/projects/spillll/configs/perspective/variables [none]
[debug] [2026-03-07T19:49:45.784Z] <<< [apiv2][status] GET https://runtimeconfig.googleapis.com/v1beta1/projects/spillll/configs/gmail/variables 200
[debug] [2026-03-07T19:49:45.784Z] <<< [apiv2][body] GET https://runtimeconfig.googleapis.com/v1beta1/projects/spillll/configs/gmail/variables {"variables":[{"name":"projects/spillll/configs/gmail/variables/app_password","updateTime":"2026-03-04T20:01:44.113226404Z"},{"name":"projects/spillll/configs/gmail/variables/user","updateTime":"2026-03-04T20:01:43.553056623Z"}]}
[debug] [2026-03-07T19:49:45.784Z] Checked if tokens are valid: true, expires at: 1772916580606
[debug] [2026-03-07T19:49:45.784Z] Checked if tokens are valid: true, expires at: 1772916580606
[debug] [2026-03-07T19:49:45.784Z] Checked if tokens are valid: true, expires at: 1772916580606
[debug] [2026-03-07T19:49:45.784Z] Checked if tokens are valid: true, expires at: 1772916580606
[debug] [2026-03-07T19:49:45.784Z] >>> [apiv2][query] GET https://runtimeconfig.googleapis.com/v1beta1/projects/spillll/configs/gmail/variables/app_password [none]
[debug] [2026-03-07T19:49:45.785Z] >>> [apiv2][query] GET https://runtimeconfig.googleapis.com/v1beta1/projects/spillll/configs/gmail/variables/user [none]
[debug] [2026-03-07T19:49:45.955Z] <<< [apiv2][status] GET https://runtimeconfig.googleapis.com/v1beta1/projects/spillll/configs/gmail/variables/app_password 200
[debug] [2026-03-07T19:49:45.955Z] <<< [apiv2][body] GET https://runtimeconfig.googleapis.com/v1beta1/projects/spillll/configs/gmail/variables/app_password {"name":"projects/spillll/configs/gmail/variables/app_password","updateTime":"2026-03-04T20:01:44.113226404Z","text":"gzcr thto pric ilgz"}
[debug] [2026-03-07T19:49:46.001Z] <<< [apiv2][status] GET https://runtimeconfig.googleapis.com/v1beta1/projects/spillll/configs/gmail/variables/user 200
[debug] [2026-03-07T19:49:46.001Z] <<< [apiv2][body] GET https://runtimeconfig.googleapis.com/v1beta1/projects/spillll/configs/gmail/variables/user {"name":"projects/spillll/configs/gmail/variables/user","updateTime":"2026-03-04T20:01:43.553056623Z","text":"SPill.warnings@gmail.com"}
[debug] [2026-03-07T19:49:46.338Z] <<< [apiv2][status] GET https://runtimeconfig.googleapis.com/v1beta1/projects/spillll/configs/perspective/variables 200
[debug] [2026-03-07T19:49:46.338Z] <<< [apiv2][body] GET https://runtimeconfig.googleapis.com/v1beta1/projects/spillll/configs/perspective/variables {"variables":[{"name":"projects/spillll/configs/perspective/variables/api_key","updateTime":"2026-02-19T19:58:36.527429913Z"}]}
[debug] [2026-03-07T19:49:46.338Z] Checked if tokens are valid: true, expires at: 1772916580606
[debug] [2026-03-07T19:49:46.338Z] Checked if tokens are valid: true, expires at: 1772916580606
[debug] [2026-03-07T19:49:46.339Z] >>> [apiv2][query] GET https://runtimeconfig.googleapis.com/v1beta1/projects/spillll/configs/perspective/variables/api_key [none]
[debug] [2026-03-07T19:49:46.508Z] <<< [apiv2][status] GET https://runtimeconfig.googleapis.com/v1beta1/projects/spillll/configs/perspective/variables/api_key 200
[debug] [2026-03-07T19:49:46.509Z] <<< [apiv2][body] GET https://runtimeconfig.googleapis.com/v1beta1/projects/spillll/configs/perspective/variables/api_key {"name":"projects/spillll/configs/perspective/variables/api_key","updateTime":"2026-02-19T19:58:36.527429913Z","text":"AIzaSyB2B00BfsV7dTZMBQp-C7_EbG-_YwlZfY4"}
[debug] [2026-03-07T19:49:46.511Z] Validating nodejs source
[warn] ⚠  functions: package.json indicates an outdated version of firebase-functions. Please upgrade using npm install --save firebase-functions@latest in your functions directory. 
[warn] ⚠  functions: Please note that there will be breaking changes when you upgrade. 
[debug] [2026-03-07T19:49:46.935Z] > [functions] package.json contents: {
  "name": "spill-functions",
  "description": "Firebase Cloud Functions for Spill (admin create staff with emailVerified)",
  "main": "index.js",
  "engines": {
    "node": "22"
  },
  "scripts": {
    "serve": "firebase emulators:start --only functions",
    "deploy": "firebase deploy --only functions"
  },
  "dependencies": {
    "firebase-admin": "^11.11.0",
    "firebase-functions": "^4.5.0",
    "nodemailer": "^6.9.16"
  },
  "private": true
}
[debug] [2026-03-07T19:49:46.935Z] Building nodejs source
[info] i  functions: Loading and analyzing source code for codebase default to determine what to deploy 
[info] i  functions: You are using a version of firebase-functions SDK (4.9.0) that does not have support for the newest Firebase Extensions features. Please update firebase-functions SDK to >=5.1.0 to use them correctly 
[debug] [2026-03-07T19:49:46.935Z] Could not find functions.yaml. Must use http discovery
[debug] [2026-03-07T19:49:46.940Z] Found firebase-functions binary at '/Users/muhammad-zain/Desktop/spill/functions/node_modules/.bin/firebase-functions'
[info] Serving at port 8909

[debug] [2026-03-07T19:49:47.178Z] Got response from /__/functions.yaml {"endpoints":{"checkPostToxicity":{"platform":"gcfv1","availableMemoryMb":null,"timeoutSeconds":30,"minInstances":null,"maxInstances":null,"ingressSettings":null,"serviceAccountEmail":null,"vpc":null,"region":["us-central1"],"eventTrigger":{"eventType":"providers/cloud.firestore/eventTypes/document.create","eventFilters":{"resource":"projects/spillll/databases/(default)/documents/posts/{postId}"},"retry":false},"labels":{},"entryPoint":"checkPostToxicity"},"uploadMedia":{"platform":"gcfv1","labels":{},"availableMemoryMb":null,"timeoutSeconds":60,"minInstances":null,"maxInstances":null,"ingressSettings":null,"serviceAccountEmail":null,"vpc":null,"region":["us-central1"],"callableTrigger":{},"entryPoint":"uploadMedia"},"approvePostAsSafe":{"platform":"gcfv1","labels":{},"availableMemoryMb":null,"timeoutSeconds":null,"minInstances":null,"maxInstances":null,"ingressSettings":null,"serviceAccountEmail":null,"vpc":null,"region":["us-central1"],"callableTrigger":{},"entryPoint":"approvePostAsSafe"},"createStaffUser":{"platform":"gcfv1","labels":{},"availableMemoryMb":null,"timeoutSeconds":null,"minInstances":null,"maxInstances":null,"ingressSettings":null,"serviceAccountEmail":null,"vpc":null,"region":["us-central1"],"callableTrigger":{},"entryPoint":"createStaffUser"},"submitTherapistRequest":{"platform":"gcfv1","labels":{},"availableMemoryMb":null,"timeoutSeconds":null,"minInstances":null,"maxInstances":null,"ingressSettings":null,"serviceAccountEmail":null,"vpc":null,"region":["us-central1"],"callableTrigger":{},"entryPoint":"submitTherapistRequest"},"sendTherapistInvite":{"platform":"gcfv1","labels":{},"availableMemoryMb":null,"timeoutSeconds":null,"minInstances":null,"maxInstances":null,"ingressSettings":null,"serviceAccountEmail":null,"vpc":null,"region":["us-central1"],"callableTrigger":{},"entryPoint":"sendTherapistInvite"},"verifyTherapistCode":{"platform":"gcfv1","labels":{},"availableMemoryMb":null,"timeoutSeconds":null,"minInstances":null,"maxInstances":null,"ingressSettings":null,"serviceAccountEmail":null,"vpc":null,"region":["us-central1"],"callableTrigger":{},"entryPoint":"verifyTherapistCode"},"bookTherapistSlot":{"platform":"gcfv1","labels":{},"availableMemoryMb":null,"timeoutSeconds":null,"minInstances":null,"maxInstances":null,"ingressSettings":null,"serviceAccountEmail":null,"vpc":null,"region":["us-central1"],"callableTrigger":{},"entryPoint":"bookTherapistSlot"},"sendExpoPush":{"platform":"gcfv1","labels":{},"availableMemoryMb":null,"timeoutSeconds":null,"minInstances":null,"maxInstances":null,"ingressSettings":null,"serviceAccountEmail":null,"vpc":null,"region":["us-central1"],"callableTrigger":{},"entryPoint":"sendExpoPush"},"onTherapistSessionReviewCreated":{"platform":"gcfv1","availableMemoryMb":null,"timeoutSeconds":null,"minInstances":null,"maxInstances":null,"ingressSettings":null,"serviceAccountEmail":null,"vpc":null,"region":["us-central1"],"eventTrigger":{"eventType":"providers/cloud.firestore/eventTypes/document.create","eventFilters":{"resource":"projects/spillll/databases/(default)/documents/therapist_sessions/{sessionId}/reviews/{reviewerUid}"},"retry":false},"labels":{},"entryPoint":"onTherapistSessionReviewCreated"}},"specVersion":"v1alpha1","requiredAPIs":[]}
[info] i  functions: preparing functions directory for uploading... 
[info] i  functions: packaged /Users/muhammad-zain/Desktop/spill/functions (49.1 KB) for uploading 
[debug] [2026-03-07T19:49:51.229Z] Checked if tokens are valid: true, expires at: 1772916580606
[debug] [2026-03-07T19:49:51.229Z] Checked if tokens are valid: true, expires at: 1772916580606
[debug] [2026-03-07T19:49:51.229Z] >>> [apiv2][query] GET https://cloudfunctions.googleapis.com/v1/projects/spillll/locations/-/functions [none]
[debug] [2026-03-07T19:49:51.872Z] <<< [apiv2][status] GET https://cloudfunctions.googleapis.com/v1/projects/spillll/locations/-/functions 200
[debug] [2026-03-07T19:49:51.872Z] <<< [apiv2][body] GET https://cloudfunctions.googleapis.com/v1/projects/spillll/locations/-/functions {"functions":[{"name":"projects/spillll/locations/us-central1/functions/checkPostToxicity","eventTrigger":{"eventType":"providers/cloud.firestore/eventTypes/document.create","resource":"projects/spillll/databases/(default)/documents/posts/{postId}","service":"firestore.googleapis.com","failurePolicy":{}},"status":"ACTIVE","entryPoint":"checkPostToxicity","timeout":"30s","availableMemoryMb":256,"serviceAccountEmail":"spillll@appspot.gserviceaccount.com","updateTime":"2026-03-06T20:48:47.252Z","versionId":"10","labels":{"deployment-tool":"cli-firebase","firebase-functions-hash":"4e80802978767271342a43d5d845dfecaab48750"},"sourceUploadUrl":"https://storage.googleapis.com/uploads-216752605292.us-central1.cloudfunctions.appspot.com/38b0bac0-c4db-4cad-b84a-b88b26787a6f.zip","environmentVariables":{"FIREBASE_CONFIG":"{\"projectId\":\"spillll\",\"storageBucket\":\"spillll.firebasestorage.app\"}","GCLOUD_PROJECT":"spillll","EVENTARC_CLOUD_EVENT_SOURCE":"projects/spillll/locations/us-central1/functions/checkPostToxicity"},"runtime":"nodejs22","maxInstances":3000,"ingressSettings":"ALLOW_ALL","buildId":"a5160ade-3f47-4fb3-a71d-0e8bc1754af1","buildEnvironmentVariables":{"GOOGLE_NODE_RUN_SCRIPTS":""},"buildName":"projects/556048303589/locations/us-central1/builds/a5160ade-3f47-4fb3-a71d-0e8bc1754af1","dockerRegistry":"ARTIFACT_REGISTRY","automaticUpdatePolicy":{},"buildServiceAccount":"projects/spillll/serviceAccounts/556048303589-compute@developer.gserviceaccount.com","satisfiesPzi":true},{"name":"projects/spillll/locations/us-central1/functions/verifyTherapistCode","httpsTrigger":{"url":"https://us-central1-spillll.cloudfunctions.net/verifyTherapistCode","securityLevel":"SECURE_ALWAYS"},"status":"ACTIVE","entryPoint":"verifyTherapistCode","timeout":"60s","availableMemoryMb":256,"serviceAccountEmail":"spillll@appspot.gserviceaccount.com","updateTime":"2026-03-06T20:48:47.501Z","versionId":"2","labels":{"deployment-tool":"cli-firebase","deployment-callable":"true","firebase-functions-hash":"4e80802978767271342a43d5d845dfecaab48750"},"sourceUploadUrl":"https://storage.googleapis.com/uploads-216752605292.us-central1.cloudfunctions.appspot.com/38b0bac0-c4db-4cad-b84a-b88b26787a6f.zip","environmentVariables":{"FIREBASE_CONFIG":"{\"projectId\":\"spillll\",\"storageBucket\":\"spillll.firebasestorage.app\"}","GCLOUD_PROJECT":"spillll","EVENTARC_CLOUD_EVENT_SOURCE":"projects/spillll/locations/us-central1/functions/verifyTherapistCode"},"runtime":"nodejs22","ingressSettings":"ALLOW_ALL","buildId":"a5160ade-3f47-4fb3-a71d-0e8bc1754af1","buildEnvironmentVariables":{"GOOGLE_NODE_RUN_SCRIPTS":""},"buildName":"projects/556048303589/locations/us-central1/builds/a5160ade-3f47-4fb3-a71d-0e8bc1754af1","dockerRegistry":"ARTIFACT_REGISTRY","automaticUpdatePolicy":{},"buildServiceAccount":"projects/spillll/serviceAccounts/556048303589-compute@developer.gserviceaccount.com","satisfiesPzi":true},{"name":"projects/spillll/locations/us-central1/functions/approvePostAsSafe","httpsTrigger":{"url":"https://us-central1-spillll.cloudfunctions.net/approvePostAsSafe","securityLevel":"SECURE_ALWAYS"},"status":"ACTIVE","entryPoint":"approvePostAsSafe","timeout":"60s","availableMemoryMb":256,"serviceAccountEmail":"spillll@appspot.gserviceaccount.com","updateTime":"2026-03-06T20:48:48.634Z","versionId":"3","labels":{"firebase-functions-hash":"4e80802978767271342a43d5d845dfecaab48750","deployment-tool":"cli-firebase","deployment-callable":"true"},"sourceUploadUrl":"https://storage.googleapis.com/uploads-216752605292.us-central1.cloudfunctions.appspot.com/38b0bac0-c4db-4cad-b84a-b88b26787a6f.zip","environmentVariables":{"FIREBASE_CONFIG":"{\"projectId\":\"spillll\",\"storageBucket\":\"spillll.firebasestorage.app\"}","GCLOUD_PROJECT":"spillll","EVENTARC_CLOUD_EVENT_SOURCE":"projects/spillll/locations/us-central1/functions/approvePostAsSafe"},"runtime":"nodejs22","ingressSettings":"ALLOW_ALL","buildId":"a5160ade-3f47-4fb3-a71d-0e8bc1754af1","buildEnvironmentVariables":{"GOOGLE_NODE_RUN_SCRIPTS":""},"buildName":"projects/556048303589/locations/us-central1/builds/a5160ade-3f47-4fb3-a71d-0e8bc1754af1","dockerRegistry":"ARTIFACT_REGISTRY","automaticUpdatePolicy":{},"buildServiceAccount":"projects/spillll/serviceAccounts/556048303589-compute@developer.gserviceaccount.com","satisfiesPzi":true},{"name":"projects/spillll/locations/us-central1/functions/uploadMedia","httpsTrigger":{"url":"https://us-central1-spillll.cloudfunctions.net/uploadMedia","securityLevel":"SECURE_ALWAYS"},"status":"ACTIVE","entryPoint":"uploadMedia","timeout":"60s","availableMemoryMb":256,"serviceAccountEmail":"spillll@appspot.gserviceaccount.com","updateTime":"2026-03-06T20:48:47.410Z","versionId":"7","labels":{"deployment-tool":"cli-firebase","deployment-callable":"true","firebase-functions-hash":"4e80802978767271342a43d5d845dfecaab48750"},"sourceUploadUrl":"https://storage.googleapis.com/uploads-216752605292.us-central1.cloudfunctions.appspot.com/38b0bac0-c4db-4cad-b84a-b88b26787a6f.zip","environmentVariables":{"FIREBASE_CONFIG":"{\"projectId\":\"spillll\",\"storageBucket\":\"spillll.firebasestorage.app\"}","GCLOUD_PROJECT":"spillll","EVENTARC_CLOUD_EVENT_SOURCE":"projects/spillll/locations/us-central1/functions/uploadMedia"},"runtime":"nodejs22","ingressSettings":"ALLOW_ALL","buildId":"a5160ade-3f47-4fb3-a71d-0e8bc1754af1","buildEnvironmentVariables":{"GOOGLE_NODE_RUN_SCRIPTS":""},"buildName":"projects/556048303589/locations/us-central1/builds/a5160ade-3f47-4fb3-a71d-0e8bc1754af1","dockerRegistry":"ARTIFACT_REGISTRY","automaticUpdatePolicy":{},"buildServiceAccount":"projects/spillll/serviceAccounts/556048303589-compute@developer.gserviceaccount.com","satisfiesPzi":true},{"name":"projects/spillll/locations/us-central1/functions/sendTherapistInvite","httpsTrigger":{"url":"https://us-central1-spillll.cloudfunctions.net/sendTherapistInvite","securityLevel":"SECURE_ALWAYS"},"status":"ACTIVE","entryPoint":"sendTherapistInvite","timeout":"60s","availableMemoryMb":256,"serviceAccountEmail":"spillll@appspot.gserviceaccount.com","updateTime":"2026-03-06T20:48:47.415Z","versionId":"4","labels":{"deployment-tool":"cli-firebase","deployment-callable":"true","firebase-functions-hash":"4e80802978767271342a43d5d845dfecaab48750"},"sourceUploadUrl":"https://storage.googleapis.com/uploads-216752605292.us-central1.cloudfunctions.appspot.com/38b0bac0-c4db-4cad-b84a-b88b26787a6f.zip","environmentVariables":{"FIREBASE_CONFIG":"{\"projectId\":\"spillll\",\"storageBucket\":\"spillll.firebasestorage.app\"}","GCLOUD_PROJECT":"spillll","EVENTARC_CLOUD_EVENT_SOURCE":"projects/spillll/locations/us-central1/functions/sendTherapistInvite"},"runtime":"nodejs22","ingressSettings":"ALLOW_ALL","buildId":"a5160ade-3f47-4fb3-a71d-0e8bc1754af1","buildEnvironmentVariables":{"GOOGLE_NODE_RUN_SCRIPTS":""},"buildName":"projects/556048303589/locations/us-central1/builds/a5160ade-3f47-4fb3-a71d-0e8bc1754af1","dockerRegistry":"ARTIFACT_REGISTRY","automaticUpdatePolicy":{},"buildServiceAccount":"projects/spillll/serviceAccounts/556048303589-compute@developer.gserviceaccount.com","satisfiesPzi":true},{"name":"projects/spillll/locations/us-central1/functions/bookTherapistSlot","httpsTrigger":{"url":"https://us-central1-spillll.cloudfunctions.net/bookTherapistSlot","securityLevel":"SECURE_ALWAYS"},"status":"ACTIVE","entryPoint":"bookTherapistSlot","timeout":"60s","availableMemoryMb":256,"serviceAccountEmail":"spillll@appspot.gserviceaccount.com","updateTime":"2026-03-06T20:48:28.902255291Z","versionId":"1","labels":{"deployment-callable":"true","firebase-functions-hash":"4e80802978767271342a43d5d845dfecaab48750","deployment-tool":"cli-firebase"},"sourceUploadUrl":"https://storage.googleapis.com/uploads-216752605292.us-central1.cloudfunctions.appspot.com/38b0bac0-c4db-4cad-b84a-b88b26787a6f.zip","environmentVariables":{"FIREBASE_CONFIG":"{\"projectId\":\"spillll\",\"storageBucket\":\"spillll.firebasestorage.app\"}","GCLOUD_PROJECT":"spillll","EVENTARC_CLOUD_EVENT_SOURCE":"projects/spillll/locations/us-central1/functions/bookTherapistSlot"},"runtime":"nodejs22","ingressSettings":"ALLOW_ALL","buildId":"a5160ade-3f47-4fb3-a71d-0e8bc1754af1","buildEnvironmentVariables":{"GOOGLE_NODE_RUN_SCRIPTS":""},"buildName":"projects/556048303589/locations/us-central1/builds/a5160ade-3f47-4fb3-a71d-0e8bc1754af1","dockerRegistry":"ARTIFACT_REGISTRY","automaticUpdatePolicy":{},"buildServiceAccount":"projects/spillll/serviceAccounts/556048303589-compute@developer.gserviceaccount.com","satisfiesPzi":true},{"name":"projects/spillll/locations/us-central1/functions/sendExpoPush","httpsTrigger":{"url":"https://us-central1-spillll.cloudfunctions.net/sendExpoPush","securityLevel":"SECURE_ALWAYS"},"status":"ACTIVE","entryPoint":"sendExpoPush","timeout":"60s","availableMemoryMb":256,"serviceAccountEmail":"spillll@appspot.gserviceaccount.com","updateTime":"2026-03-06T20:48:41.653Z","versionId":"3","labels":{"deployment-tool":"cli-firebase","deployment-callable":"true","firebase-functions-hash":"4e80802978767271342a43d5d845dfecaab48750"},"sourceUploadUrl":"https://storage.googleapis.com/uploads-216752605292.us-central1.cloudfunctions.appspot.com/38b0bac0-c4db-4cad-b84a-b88b26787a6f.zip","environmentVariables":{"FIREBASE_CONFIG":"{\"projectId\":\"spillll\",\"storageBucket\":\"spillll.firebasestorage.app\"}","GCLOUD_PROJECT":"spillll","EVENTARC_CLOUD_EVENT_SOURCE":"projects/spillll/locations/us-central1/functions/sendExpoPush"},"runtime":"nodejs22","ingressSettings":"ALLOW_ALL","buildId":"a5160ade-3f47-4fb3-a71d-0e8bc1754af1","buildEnvironmentVariables":{"GOOGLE_NODE_RUN_SCRIPTS":""},"buildName":"projects/556048303589/locations/us-central1/builds/a5160ade-3f47-4fb3-a71d-0e8bc1754af1","dockerRegistry":"ARTIFACT_REGISTRY","automaticUpdatePolicy":{},"buildServiceAccount":"projects/spillll/serviceAccounts/556048303589-compute@developer.gserviceaccount.com","satisfiesPzi":true},{"name":"projects/spillll/locations/us-central1/functions/createStaffUser","httpsTrigger":{"url":"https://us-central1-spillll.cloudfunctions.net/createStaffUser","securityLevel":"SECURE_ALWAYS"},"status":"ACTIVE","entryPoint":"createStaffUser","timeout":"60s","availableMemoryMb":256,"serviceAccountEmail":"spillll@appspot.gserviceaccount.com","updateTime":"2026-03-06T20:48:40.980Z","versionId":"7","labels":{"deployment-tool":"cli-firebase","deployment-callable":"true","firebase-functions-hash":"4e80802978767271342a43d5d845dfecaab48750"},"sourceUploadUrl":"https://storage.googleapis.com/uploads-216752605292.us-central1.cloudfunctions.appspot.com/38b0bac0-c4db-4cad-b84a-b88b26787a6f.zip","environmentVariables":{"FIREBASE_CONFIG":"{\"projectId\":\"spillll\",\"storageBucket\":\"spillll.firebasestorage.app\"}","GCLOUD_PROJECT":"spillll","EVENTARC_CLOUD_EVENT_SOURCE":"projects/spillll/locations/us-central1/functions/createStaffUser"},"runtime":"nodejs22","ingressSettings":"ALLOW_ALL","buildId":"a5160ade-3f47-4fb3-a71d-0e8bc1754af1","buildEnvironmentVariables":{"GOOGLE_NODE_RUN_SCRIPTS":""},"buildName":"projects/556048303589/locations/us-central1/builds/a5160ade-3f47-4fb3-a71d-0e8bc1754af1","dockerRegistry":"ARTIFACT_REGISTRY","automaticUpdatePolicy":{},"buildServiceAccount":"projects/spillll/serviceAccounts/556048303589-compute@developer.gserviceaccount.com","satisfiesPzi":true},{"name":"projects/spillll/locations/us-central1/functions/submitTherapistRequest","httpsTrigger":{"url":"https://us-central1-spillll.cloudfunctions.net/submitTherapistRequest","securityLevel":"SECURE_ALWAYS"},"status":"ACTIVE","entryPoint":"submitTherapistRequest","timeout":"60s","availableMemoryMb":256,"serviceAccountEmail":"spillll@appspot.gserviceaccount.com","updateTime":"2026-03-06T20:48:45.861Z","versionId":"3","labels":{"firebase-functions-hash":"4e80802978767271342a43d5d845dfecaab48750","deployment-tool":"cli-firebase","deployment-callable":"true"},"sourceUploadUrl":"https://storage.googleapis.com/uploads-216752605292.us-central1.cloudfunctions.appspot.com/38b0bac0-c4db-4cad-b84a-b88b26787a6f.zip","environmentVariables":{"FIREBASE_CONFIG":"{\"projectId\":\"spillll\",\"storageBucket\":\"spillll.firebasestorage.app\"}","GCLOUD_PROJECT":"spillll","EVENTARC_CLOUD_EVENT_SOURCE":"projects/spillll/locations/us-central1/functions/submitTherapistRequest"},"runtime":"nodejs22","ingressSettings":"ALLOW_ALL","buildId":"a5160ade-3f47-4fb3-a71d-0e8bc1754af1","buildEnvironmentVariables":{"GOOGLE_NODE_RUN_SCRIPTS":""},"buildName":"projects/556048303589/locations/us-central1/builds/a5160ade-3f47-4fb3-a71d-0e8bc1754af1","dockerRegistry":"ARTIFACT_REGISTRY","automaticUpdatePolicy":{},"buildServiceAccount":"projects/spillll/serviceAccounts/556048303589-compute@developer.gserviceaccount.com","satisfiesPzi":true},{"name":"projects/spillll/locations/us-central1/functions/sendWarningToUser","httpsTrigger":{"url":"https://us-central1-spillll.cloudfunctions.net/sendWarningToUser","securityLevel":"SECURE_ALWAYS"},"status":"ACTIVE","entryPoint":"sendWarningToUser","timeout":"30s","availableMemoryMb":256,"serviceAccountEmail":"spillll@appspot.gserviceaccount.com","updateTime":"2026-02-19T20:47:54.356Z","versionId":"3","labels":{"deployment-tool":"cli-firebase","deployment-callable":"true","firebase-functions-hash":"1ecdf3c6580191ebd01241988fdfebbf072894a6"},"sourceUploadUrl":"https://storage.googleapis.com/uploads-216752605292.us-central1.cloudfunctions.appspot.com/5ec46504-2ae6-4500-b20d-0c582dabdfc4.zip","environmentVariables":{"FIREBASE_CONFIG":"{\"projectId\":\"spillll\",\"storageBucket\":\"spillll.firebasestorage.app\"}","GCLOUD_PROJECT":"spillll","EVENTARC_CLOUD_EVENT_SOURCE":"projects/spillll/locations/us-central1/functions/sendWarningToUser"},"runtime":"nodejs22","ingressSettings":"ALLOW_ALL","buildId":"835df143-1deb-4911-abed-5a1756fb02f7","buildEnvironmentVariables":{"GOOGLE_NODE_RUN_SCRIPTS":""},"buildName":"projects/556048303589/locations/us-central1/builds/835df143-1deb-4911-abed-5a1756fb02f7","dockerRegistry":"ARTIFACT_REGISTRY","automaticUpdatePolicy":{},"buildServiceAccount":"projects/spillll/serviceAccounts/556048303589-compute@developer.gserviceaccount.com","satisfiesPzi":true}]}
[debug] [2026-03-07T19:49:51.874Z] Checked if tokens are valid: true, expires at: 1772916580606
[debug] [2026-03-07T19:49:51.874Z] Checked if tokens are valid: true, expires at: 1772916580606
[debug] [2026-03-07T19:49:51.874Z] >>> [apiv2][query] GET https://cloudfunctions.googleapis.com/v2/projects/spillll/locations/-/functions filter=environment%3D%22GEN_2%22
[debug] [2026-03-07T19:49:52.952Z] <<< [apiv2][status] GET https://cloudfunctions.googleapis.com/v2/projects/spillll/locations/-/functions 200
[debug] [2026-03-07T19:49:52.953Z] <<< [apiv2][body] GET https://cloudfunctions.googleapis.com/v2/projects/spillll/locations/-/functions {}
[debug] [2026-03-07T19:49:52.956Z] Checked if tokens are valid: true, expires at: 1772916580606
[debug] [2026-03-07T19:49:52.956Z] Checked if tokens are valid: true, expires at: 1772916580606
[debug] [2026-03-07T19:49:52.956Z] >>> [apiv2][query] GET https://serviceusage.googleapis.com/v1/projects/spillll/services/cloudresourcemanager.googleapis.com [none]
[debug] [2026-03-07T19:49:52.956Z] >>> [apiv2][(partial)header] GET https://serviceusage.googleapis.com/v1/projects/spillll/services/cloudresourcemanager.googleapis.com x-goog-quota-user=projects/spillll
[debug] [2026-03-07T19:49:53.725Z] <<< [apiv2][status] GET https://serviceusage.googleapis.com/v1/projects/spillll/services/cloudresourcemanager.googleapis.com 200
[debug] [2026-03-07T19:49:53.725Z] <<< [apiv2][body] GET https://serviceusage.googleapis.com/v1/projects/spillll/services/cloudresourcemanager.googleapis.com [omitted]
[debug] [2026-03-07T19:49:53.725Z] Checked if tokens are valid: true, expires at: 1772916580606
[debug] [2026-03-07T19:49:53.725Z] Checked if tokens are valid: true, expires at: 1772916580606
[debug] [2026-03-07T19:49:53.725Z] >>> [apiv2][query] GET https://cloudresourcemanager.googleapis.com/v1/projects/spillll [none]
[debug] [2026-03-07T19:49:54.363Z] <<< [apiv2][status] GET https://cloudresourcemanager.googleapis.com/v1/projects/spillll 200
[debug] [2026-03-07T19:49:54.363Z] <<< [apiv2][body] GET https://cloudresourcemanager.googleapis.com/v1/projects/spillll {"projectNumber":"556048303589","projectId":"spillll","lifecycleState":"ACTIVE","name":"spill","labels":{"firebase":"enabled","firebase-core":"disabled"},"createTime":"2026-02-12T10:46:01.653017Z"}
[debug] [2026-03-07T19:49:54.365Z] Checked if tokens are valid: true, expires at: 1772916580606
[debug] [2026-03-07T19:49:54.365Z] Checked if tokens are valid: true, expires at: 1772916580606
[debug] [2026-03-07T19:49:54.365Z] >>> [apiv2][query] GET https://firestore.googleapis.com/v1/projects/spillll/databases/(default) [none]
[debug] [2026-03-07T19:49:55.106Z] <<< [apiv2][status] GET https://firestore.googleapis.com/v1/projects/spillll/databases/(default) 200
[debug] [2026-03-07T19:49:55.107Z] <<< [apiv2][body] GET https://firestore.googleapis.com/v1/projects/spillll/databases/(default) {"name":"projects/spillll/databases/(default)","uid":"7369e4fb-ed09-41e7-8d92-6e9a87900498","createTime":"2026-02-12T11:07:20.867619Z","updateTime":"2026-02-12T11:07:20.867619Z","locationId":"nam5","type":"FIRESTORE_NATIVE","concurrencyMode":"PESSIMISTIC","versionRetentionPeriod":"3600s","earliestVersionTime":"2026-03-07T18:49:55.121424Z","appEngineIntegrationMode":"DISABLED","keyPrefix":"s","pointInTimeRecoveryEnablement":"POINT_IN_TIME_RECOVERY_DISABLED","deleteProtectionState":"DELETE_PROTECTION_DISABLED","databaseEdition":"STANDARD","freeTier":true,"realtimeUpdatesMode":"REALTIME_UPDATES_MODE_ENABLED","etag":"IN3sqsrHjpMDMM70uqKg5pID"}
[debug] [2026-03-07T19:49:55.107Z] Checked if tokens are valid: true, expires at: 1772916580606
[debug] [2026-03-07T19:49:55.107Z] Checked if tokens are valid: true, expires at: 1772916580606
[debug] [2026-03-07T19:49:55.107Z] >>> [apiv2][query] GET https://firebaserules.googleapis.com/v1/projects/spillll/releases pageSize=10&pageToken=
[debug] [2026-03-07T19:49:55.420Z] <<< [apiv2][status] GET https://firebaserules.googleapis.com/v1/projects/spillll/releases 200
[debug] [2026-03-07T19:49:55.421Z] <<< [apiv2][body] GET https://firebaserules.googleapis.com/v1/projects/spillll/releases {"releases":[{"name":"projects/spillll/releases/cloud.firestore","rulesetName":"projects/spillll/rulesets/1e1902f0-a8b5-414c-8145-c8a9029b7ec5","createTime":"2026-02-12T11:07:24.873297Z","updateTime":"2026-03-07T19:45:48.121181Z"},{"name":"projects/spillll/releases/firebase.storage/spillll.firebasestorage.app","rulesetName":"projects/spillll/rulesets/9e0dd53e-683f-4185-9120-458d33a0fd32","createTime":"2026-02-12T11:07:56.277907Z","updateTime":"2026-03-05T09:18:27.470788Z"}]}
[debug] [2026-03-07T19:49:55.426Z] Checked if tokens are valid: true, expires at: 1772916580606
[debug] [2026-03-07T19:49:55.426Z] Checked if tokens are valid: true, expires at: 1772916580606
[debug] [2026-03-07T19:49:55.426Z] >>> [apiv2][query] GET https://firebaserules.googleapis.com/v1/projects/spillll/rulesets/1e1902f0-a8b5-414c-8145-c8a9029b7ec5 [none]
[debug] [2026-03-07T19:49:55.808Z] <<< [apiv2][status] GET https://firebaserules.googleapis.com/v1/projects/spillll/rulesets/1e1902f0-a8b5-414c-8145-c8a9029b7ec5 200
[debug] [2026-03-07T19:49:55.808Z] <<< [apiv2][body] GET https://firebaserules.googleapis.com/v1/projects/spillll/rulesets/1e1902f0-a8b5-414c-8145-c8a9029b7ec5 [omitted]
[info] i  firestore: latest version of firestore.rules already up to date, skipping upload... 
[debug] [2026-03-07T19:49:55.809Z] Checked if tokens are valid: true, expires at: 1772916580606
[debug] [2026-03-07T19:49:55.809Z] Checked if tokens are valid: true, expires at: 1772916580606
[debug] [2026-03-07T19:49:55.810Z] >>> [apiv2][query] POST https://cloudfunctions.googleapis.com/v1/projects/spillll/locations/us-central1/functions:generateUploadUrl [none]
[debug] [2026-03-07T19:49:55.810Z] >>> [apiv2][body] POST https://cloudfunctions.googleapis.com/v1/projects/spillll/locations/us-central1/functions:generateUploadUrl {}
[debug] [2026-03-07T19:49:56.390Z] <<< [apiv2][status] POST https://cloudfunctions.googleapis.com/v1/projects/spillll/locations/us-central1/functions:generateUploadUrl 200
[debug] [2026-03-07T19:49:56.390Z] <<< [apiv2][body] POST https://cloudfunctions.googleapis.com/v1/projects/spillll/locations/us-central1/functions:generateUploadUrl {"uploadUrl":"https://storage.googleapis.com/uploads-216752605292.us-central1.cloudfunctions.appspot.com/262b47e2-56e9-4b2e-92a9-5732ef5447c5.zip?GoogleAccessId=service-556048303589@gcf-admin-robot.iam.gserviceaccount.com&Expires=1772914796&Signature=I2fX1TNv0ws%2F2TMxtsgTVH4%2Ba%2BNOYYZLhYBGgF3c639e6FLSn0gKa52njA2Z%2BpkWzZaNghz2nVY%2Bal8%2FY7XzU9AyPuMpQekYJh5TtqUfFlO7YXQ9eerqu3JSz646SAg%2B16JrpgK%2FZETgagXJ3f7br1L4OPFS%2FAQEDBJxqTQ9Bixpec1dyX7jG4x38Bpj7QGvzKh7dLNPQR2x4mWUIGwipZfRRImiEVvVDKuFU75xiFD0bFhRisBFPoRjftGsfLveU%2BCx2ThJzSSn%2BOXXuc86wx0dl0DOU5AZ2EgZGCuwX%2FoBR33HhbLzUJsZz4hJK1gBJNCHvcOZ1Nfb5%2FM%2FKOAT5A%3D%3D"}
[debug] [2026-03-07T19:49:56.391Z] >>> [apiv2][query] PUT https://storage.googleapis.com/uploads-216752605292.us-central1.cloudfunctions.appspot.com/262b47e2-56e9-4b2e-92a9-5732ef5447c5.zip GoogleAccessId=service-556048303589%40gcf-admin-robot.iam.gserviceaccount.com&Expires=1772914796&Signature=I2fX1TNv0ws%2F2TMxtsgTVH4%2Ba%2BNOYYZLhYBGgF3c639e6FLSn0gKa52njA2Z%2BpkWzZaNghz2nVY%2Bal8%2FY7XzU9AyPuMpQekYJh5TtqUfFlO7YXQ9eerqu3JSz646SAg%2B16JrpgK%2FZETgagXJ3f7br1L4OPFS%2FAQEDBJxqTQ9Bixpec1dyX7jG4x38Bpj7QGvzKh7dLNPQR2x4mWUIGwipZfRRImiEVvVDKuFU75xiFD0bFhRisBFPoRjftGsfLveU%2BCx2ThJzSSn%2BOXXuc86wx0dl0DOU5AZ2EgZGCuwX%2FoBR33HhbLzUJsZz4hJK1gBJNCHvcOZ1Nfb5%2FM%2FKOAT5A%3D%3D
[debug] [2026-03-07T19:49:56.391Z] >>> [apiv2][body] PUT https://storage.googleapis.com/uploads-216752605292.us-central1.cloudfunctions.appspot.com/262b47e2-56e9-4b2e-92a9-5732ef5447c5.zip [stream]
[debug] [2026-03-07T19:49:56.838Z] <<< [apiv2][status] PUT https://storage.googleapis.com/uploads-216752605292.us-central1.cloudfunctions.appspot.com/262b47e2-56e9-4b2e-92a9-5732ef5447c5.zip 200
[debug] [2026-03-07T19:49:56.838Z] <<< [apiv2][body] PUT https://storage.googleapis.com/uploads-216752605292.us-central1.cloudfunctions.appspot.com/262b47e2-56e9-4b2e-92a9-5732ef5447c5.zip [omitted]
[info] ✔  functions: functions folder uploaded successfully 
[debug] [2026-03-07T19:49:56.839Z] [rules] releasing cloud.firestore/(default) with ruleset projects/spillll/rulesets/1e1902f0-a8b5-414c-8145-c8a9029b7ec5
[debug] [2026-03-07T19:49:56.839Z] Checked if tokens are valid: true, expires at: 1772916580606
[debug] [2026-03-07T19:49:56.839Z] Checked if tokens are valid: true, expires at: 1772916580606
[debug] [2026-03-07T19:49:56.839Z] >>> [apiv2][query] PATCH https://firebaserules.googleapis.com/v1/projects/spillll/releases/cloud.firestore/(default) [none]
[debug] [2026-03-07T19:49:56.839Z] >>> [apiv2][body] PATCH https://firebaserules.googleapis.com/v1/projects/spillll/releases/cloud.firestore/(default) {"release":{"name":"projects/spillll/releases/cloud.firestore/(default)","rulesetName":"projects/spillll/rulesets/1e1902f0-a8b5-414c-8145-c8a9029b7ec5"}}
[debug] [2026-03-07T19:49:57.684Z] <<< [apiv2][status] PATCH https://firebaserules.googleapis.com/v1/projects/spillll/releases/cloud.firestore/(default) 200
[debug] [2026-03-07T19:49:57.684Z] <<< [apiv2][body] PATCH https://firebaserules.googleapis.com/v1/projects/spillll/releases/cloud.firestore/(default) {"name":"projects/spillll/releases/cloud.firestore","rulesetName":"projects/spillll/rulesets/1e1902f0-a8b5-414c-8145-c8a9029b7ec5","createTime":"2026-02-12T11:07:24.873297Z","updateTime":"2026-03-07T19:49:57.674297Z"}
[debug] [2026-03-07T19:49:57.685Z] [rules] updated release projects/spillll/releases/cloud.firestore
[info] ✔  firestore: released rules firestore.rules to cloud.firestore 
[info] 
The following functions are found in your project but do not exist in your local source code:
	sendWarningToUser(us-central1)

If you are renaming a function or changing its region, it is recommended that you create the new function first before deleting the old one to prevent event loss. For more info, visit https://firebase.google.com/docs/functions/manage-functions#modify

[debug] [2026-03-11T11:09:10.523Z] ExitPromptError: User force closed the prompt with SIGINT
    at Interface.sigint (/opt/homebrew/lib/node_modules/firebase-tools/node_modules/@inquirer/core/dist/commonjs/lib/create-prompt.js:101:37)
    at Interface.emit (node:events:518:28)
    at Interface.emit (node:domain:489:12)
    at [_ttyWrite] [as _ttyWrite] (node:internal/readline/interface:1128:18)
    at ReadStream.onkeypress (node:internal/readline/interface:267:20)
    at ReadStream.emit (node:events:530:35)
    at ReadStream.emit (node:domain:489:12)
    at emitKeys (node:internal/readline/utils:370:14)
    at emitKeys.next (<anonymous>)
    at ReadStream.onData (node:internal/readline/emitKeypressEvents:64:36)
[error] 
[error] Error: An unexpected error has occurred.
